2021-07-06 14:04:21 DEBUG MainDriver:47 - Testing loggy
2021-07-07 17:04:41 INFO  BankSystem:114 - USER: username2 AUTHENTICATED
2021-07-07 17:04:41 INFO  BankSystem:40 - USER LOGIN: User Id: 2 | firstName: Bob | lastName: Sad | userName: username2 | userApproved: true | userType: Customer
2021-07-07 17:04:41 INFO  BankSystem:145 - RETRIEVED CUSTOMER #2 ACCOUNT
2021-07-07 18:35:09 WARN  com.revature.pzero.service.BankSystem {1}:168 - Invalid balance. Withdraw amount must be lower then account balance.
2021-07-07 18:35:22 WARN  com.revature.pzero.service.BankSystem {1}:170 - Withdraw amount in invalid. Please enter a valid amount.
2021-07-07 18:35:28 WARN  com.revature.pzero.service.BankSystem {1}:170 - Withdraw amount in invalid. Please enter a valid amount.
2021-07-07 18:35:48 WARN  com.revature.pzero.service.BankSystem {1}:170 - Withdraw amount in invalid. Please enter a valid amount.
2021-07-07 19:20:00 WARN  com.revature.pzero.service.BankSystem {1}:250 - Account to transfer to is locked. Transaction voided.
2021-07-07 19:22:25 WARN  com.revature.pzero.service.BankSystem {1}:225 - Transfer amount is invalid. -> canTransfer (BankSystemImpl)
2021-07-07 19:30:59 WARN  com.revature.pzero.service.BankSystem {1}:125 - Account id is invalid. -> verifyAccount (BankSystemImpl)
2021-07-07 19:32:18 WARN  com.revature.pzero.service.BankSystem {1}:235 - Desired account to transfer to is invalid. -> transfer (BankSystemImpl)
2021-07-07 19:38:29 WARN  com.revature.pzero.service.BankSystem {1}:198 - Deposit amount is invalid -> canDeposit (BankSystemImpl)
2021-07-07 20:39:55 WARN  com.revature.pzero.service.BankSystem {1}:250 - Account to transfer to is locked. Transaction voided.
2021-07-07 20:40:13 WARN  com.revature.pzero.service.BankSystem {1}:168 - Invalid balance. Withdraw amount must be lower then account balance.
2021-07-07 20:47:39 WARN  com.revature.pzero.service.BankSystem {1}:250 - Account to transfer to is locked. Transaction voided.
2021-07-07 21:13:18 WARN  com.revature.pzero.service.BankSystem {1}:250 - Account to transfer to is locked. Transaction voided.
2021-07-07 21:50:33 WARN  com.revature.pzero.service.BankSystem {1}:235 - Desired account to transfer to is invalid. -> transfer (BankSystemImpl)
2021-07-07 21:50:33 WARN  com.revature.pzero.service.BankSystem {1}:240 - Account given is invalid. -> transfer (BankSystemImpl)
2021-07-07 21:50:33 WARN  com.revature.pzero.service.BankSystem {1}:235 - Desired account to transfer to is invalid. -> transfer (BankSystemImpl)
2021-07-07 21:50:33 WARN  com.revature.pzero.service.BankSystem {1}:250 - Account to transfer to is locked. Transaction voided.
2021-07-07 21:50:33 WARN  com.revature.pzero.service.BankSystem {1}:250 - Account to transfer to is locked. Transaction voided.
2021-07-07 21:50:33 WARN  com.revature.pzero.service.BankSystem {1}:300 - Account id is invalid. -> getUserViaAccountNumber (BankSystemImpl)
2021-07-07 21:50:33 WARN  com.revature.pzero.service.BankSystem {1}:32 - Username is invalid. -> login(BankSystemImpl)
2021-07-07 21:50:33 WARN  com.revature.pzero.service.BankSystem {1}:32 - Username is invalid. -> login(BankSystemImpl)
2021-07-07 21:50:33 WARN  com.revature.pzero.service.BankSystem {1}:35 - Password is invalid. -> login(BankSystemImpl)
2021-07-07 21:50:34 WARN  com.revature.pzero.service.BankSystem {1}:198 - Deposit amount is invalid -> canDeposit (BankSystemImpl)
2021-07-07 21:50:34 WARN  com.revature.pzero.service.BankSystem {1}:192 - Account not approved -> canDeposit (BankSystemImpl)
2021-07-07 21:50:34 WARN  com.revature.pzero.service.BankSystem {1}:125 - Account id is invalid. -> verifyAccount (BankSystemImpl)
2021-07-07 21:50:34 WARN  com.revature.pzero.service.BankSystem {1}:125 - Account id is invalid. -> verifyAccount (BankSystemImpl)
2021-07-07 21:50:34 WARN  com.revature.pzero.service.BankSystem {1}:125 - Account id is invalid. -> verifyAccount (BankSystemImpl)
2021-07-07 21:50:34 WARN  com.revature.pzero.service.BankSystem {1}:168 - Invalid balance. Withdraw amount must be lower then account balance.
2021-07-07 21:50:34 WARN  com.revature.pzero.service.BankSystem {1}:170 - Withdraw amount in invalid. Please enter a valid amount.
2021-07-07 21:50:34 WARN  com.revature.pzero.service.BankSystem {1}:170 - Withdraw amount in invalid. Please enter a valid amount.
2021-07-07 21:50:34 WARN  com.revature.pzero.service.BankSystem {1}:168 - Invalid balance. Withdraw amount must be lower then account balance.
2021-07-07 21:50:34 WARN  com.revature.pzero.service.BankSystem {1}:103 - Username invalid -> authenticate (BankSystemImpl)
2021-07-07 21:50:34 WARN  com.revature.pzero.service.BankSystem {1}:106 - Password invalid -> authenticate (BankSystemImpl)
2021-07-07 21:50:34 WARN  com.revature.pzero.service.BankSystem {1}:103 - Username invalid -> authenticate (BankSystemImpl)
2021-07-07 21:50:34 WARN  com.revature.pzero.service.BankSystem {1}:106 - Password invalid -> authenticate (BankSystemImpl)
2021-07-07 21:50:34 WARN  com.revature.pzero.service.BankSystem {1}:286 - Account id is invalid. -> getAccountById (BankSystemImpl)
2021-07-07 21:50:34 WARN  com.revature.pzero.service.BankSystem {1}:68 - FirstName invalid. -> createNewUser (BankSystemImpl)
2021-07-07 21:50:34 WARN  com.revature.pzero.service.BankSystem {1}:68 - FirstName invalid. -> createNewUser (BankSystemImpl)
2021-07-07 21:50:34 WARN  com.revature.pzero.service.BankSystem {1}:68 - FirstName invalid. -> createNewUser (BankSystemImpl)
2021-07-07 21:50:34 WARN  com.revature.pzero.service.BankSystem {1}:68 - FirstName invalid. -> createNewUser (BankSystemImpl)
2021-07-07 21:50:34 WARN  com.revature.pzero.service.BankSystem {1}:68 - FirstName invalid. -> createNewUser (BankSystemImpl)
2021-07-07 21:50:34 WARN  com.revature.pzero.service.BankSystem {1}:71 - LastName invalid -> createNewUser (BankSystemImpl)
2021-07-07 21:50:34 WARN  com.revature.pzero.service.BankSystem {1}:68 - FirstName invalid. -> createNewUser (BankSystemImpl)
2021-07-07 21:50:34 WARN  com.revature.pzero.service.BankSystem {1}:71 - LastName invalid -> createNewUser (BankSystemImpl)
2021-07-07 21:50:34 WARN  com.revature.pzero.service.BankSystem {1}:74 - Usertype invalid -> createNewUser (BankSystemImpl)
2021-07-07 21:50:34 WARN  com.revature.pzero.service.BankSystem {1}:77 - Username invalid -> createNewUser (BankSystemImpl)
2021-07-07 21:50:34 WARN  com.revature.pzero.service.BankSystem {1}:80 - Password invalid -> createNewUser (BankSystemImpl)
2021-07-07 21:50:34 WARN  com.revature.pzero.service.BankSystem {1}:272 - Userid invalid. -> getUserById (BankSystemImpl)
2021-07-07 21:55:30 WARN  com.revature.pzero.service.BankSystem {1}:235 - Desired account to transfer to is invalid. -> transfer (BankSystemImpl)
2021-07-07 21:55:30 WARN  com.revature.pzero.service.BankSystem {1}:240 - Account given is invalid. -> transfer (BankSystemImpl)
2021-07-07 21:55:30 WARN  com.revature.pzero.service.BankSystem {1}:235 - Desired account to transfer to is invalid. -> transfer (BankSystemImpl)
2021-07-07 21:55:30 WARN  com.revature.pzero.service.BankSystem {1}:250 - Account to transfer to is locked. Transaction voided.
2021-07-07 21:55:30 WARN  com.revature.pzero.service.BankSystem {1}:250 - Account to transfer to is locked. Transaction voided.
2021-07-07 21:55:30 WARN  com.revature.pzero.service.BankSystem {1}:300 - Account id is invalid. -> getUserViaAccountNumber (BankSystemImpl)
2021-07-07 21:55:30 WARN  com.revature.pzero.service.BankSystem {1}:32 - Username is invalid. -> login(BankSystemImpl)
2021-07-07 21:55:30 WARN  com.revature.pzero.service.BankSystem {1}:32 - Username is invalid. -> login(BankSystemImpl)
2021-07-07 21:55:30 WARN  com.revature.pzero.service.BankSystem {1}:198 - Deposit amount is invalid -> canDeposit (BankSystemImpl)
2021-07-07 21:55:30 WARN  com.revature.pzero.service.BankSystem {1}:192 - Account not approved -> canDeposit (BankSystemImpl)
2021-07-07 21:55:30 WARN  com.revature.pzero.service.BankSystem {1}:125 - Account id is invalid. -> verifyAccount (BankSystemImpl)
2021-07-07 21:55:30 WARN  com.revature.pzero.service.BankSystem {1}:125 - Account id is invalid. -> verifyAccount (BankSystemImpl)
2021-07-07 21:55:30 WARN  com.revature.pzero.service.BankSystem {1}:125 - Account id is invalid. -> verifyAccount (BankSystemImpl)
2021-07-07 21:55:30 WARN  com.revature.pzero.service.BankSystem {1}:168 - Invalid balance. Withdraw amount must be lower then account balance.
2021-07-07 21:55:30 WARN  com.revature.pzero.service.BankSystem {1}:170 - Withdraw amount in invalid. Please enter a valid amount.
2021-07-07 21:55:30 WARN  com.revature.pzero.service.BankSystem {1}:170 - Withdraw amount in invalid. Please enter a valid amount.
2021-07-07 21:55:30 WARN  com.revature.pzero.service.BankSystem {1}:168 - Invalid balance. Withdraw amount must be lower then account balance.
2021-07-07 21:55:30 WARN  com.revature.pzero.service.BankSystem {1}:103 - Username invalid -> authenticate (BankSystemImpl)
2021-07-07 21:55:30 WARN  com.revature.pzero.service.BankSystem {1}:106 - Password invalid -> authenticate (BankSystemImpl)
2021-07-07 21:55:30 WARN  com.revature.pzero.service.BankSystem {1}:103 - Username invalid -> authenticate (BankSystemImpl)
2021-07-07 21:55:30 WARN  com.revature.pzero.service.BankSystem {1}:106 - Password invalid -> authenticate (BankSystemImpl)
2021-07-07 21:55:30 WARN  com.revature.pzero.service.BankSystem {1}:286 - Account id is invalid. -> getAccountById (BankSystemImpl)
2021-07-07 21:55:30 WARN  com.revature.pzero.service.BankSystem {1}:68 - FirstName invalid. -> createNewUser (BankSystemImpl)
2021-07-07 21:55:30 WARN  com.revature.pzero.service.BankSystem {1}:68 - FirstName invalid. -> createNewUser (BankSystemImpl)
2021-07-07 21:55:30 WARN  com.revature.pzero.service.BankSystem {1}:68 - FirstName invalid. -> createNewUser (BankSystemImpl)
2021-07-07 21:55:30 WARN  com.revature.pzero.service.BankSystem {1}:68 - FirstName invalid. -> createNewUser (BankSystemImpl)
2021-07-07 21:55:30 WARN  com.revature.pzero.service.BankSystem {1}:68 - FirstName invalid. -> createNewUser (BankSystemImpl)
2021-07-07 21:55:30 WARN  com.revature.pzero.service.BankSystem {1}:71 - LastName invalid -> createNewUser (BankSystemImpl)
2021-07-07 21:55:30 WARN  com.revature.pzero.service.BankSystem {1}:68 - FirstName invalid. -> createNewUser (BankSystemImpl)
2021-07-07 21:55:30 WARN  com.revature.pzero.service.BankSystem {1}:71 - LastName invalid -> createNewUser (BankSystemImpl)
2021-07-07 21:55:30 WARN  com.revature.pzero.service.BankSystem {1}:74 - Usertype invalid -> createNewUser (BankSystemImpl)
2021-07-07 21:55:30 WARN  com.revature.pzero.service.BankSystem {1}:77 - Username invalid -> createNewUser (BankSystemImpl)
2021-07-07 21:55:30 WARN  com.revature.pzero.service.BankSystem {1}:80 - Password invalid -> createNewUser (BankSystemImpl)
2021-07-07 21:55:30 WARN  com.revature.pzero.service.BankSystem {1}:272 - Userid invalid. -> getUserById (BankSystemImpl)
2021-07-08 10:01:14 WARN  com.revature.pzero.service.BankSystem {1}:168 - Invalid balance. Withdraw amount must be lower then account balance.
2021-07-08 11:00:38 WARN  com.revature.pzero.service.BankSystem {1}:229 - Transfer amount is invalid.
2021-07-08 11:00:46 WARN  com.revature.pzero.service.BankSystem {1}:225 - Transfer amount is invalid. -> canTransfer (BankSystemImpl)
2021-07-13 12:05:16 INFO  com.revature.pzero.service.BankSystem {1}:100 - CREATE NEW USER: normal1234 : true
2021-07-14 09:17:26 INFO  com.revature.pzero.service.BankSystem {1}:287 - USER #11 WAS RETRIEVED
2021-07-14 09:17:30 INFO  com.revature.pzero.service.BankSystem {1}:287 - USER #16 WAS RETRIEVED
2021-07-14 09:20:10 INFO  com.revature.pzero.service.BankSystem {1}:287 - USER #11 WAS RETRIEVED
2021-07-14 09:20:23 INFO  com.revature.pzero.service.BankSystem {1}:287 - USER #11 WAS RETRIEVED
2021-07-14 09:34:36 INFO  com.revature.pzero.service.BankSystem {1}:287 - USER #12 WAS RETRIEVED
2021-07-14 09:35:30 INFO  com.revature.pzero.service.BankSystem {1}:287 - USER #16 WAS RETRIEVED
2021-07-14 09:36:09 INFO  com.revature.pzero.service.BankSystem {1}:287 - USER #12 WAS RETRIEVED
2021-07-14 09:38:59 INFO  com.revature.pzero.service.BankSystem {1}:287 - USER #12 WAS RETRIEVED
2021-07-14 09:51:29 INFO  com.revature.pzero.service.BankSystem {1}:287 - USER #12 WAS RETRIEVED
2021-07-14 09:52:17 INFO  com.revature.pzero.service.BankSystem {1}:287 - USER #12 WAS RETRIEVED
2021-07-14 10:15:57 INFO  com.revature.pzero.service.BankSystem {1}:287 - USER #12 WAS RETRIEVED
2021-07-14 10:41:31 INFO  com.revature.pzero.service.BankSystem {1}:287 - USER #11 WAS RETRIEVED
2021-07-14 10:42:18 INFO  com.revature.pzero.service.BankSystem {1}:287 - USER #12 WAS RETRIEVED
2021-07-14 10:43:21 INFO  com.revature.pzero.service.BankSystem {1}:287 - USER #12 WAS RETRIEVED
2021-07-14 10:44:59 INFO  com.revature.pzero.service.BankSystem {1}:287 - USER #12 WAS RETRIEVED
2021-07-14 11:58:40 INFO  com.revature.pzero.service.BankSystem {1}:287 - USER #11 WAS RETRIEVED
2021-07-14 11:58:41 INFO  com.revature.pzero.service.BankSystem {1}:287 - USER #11 WAS RETRIEVED
2021-07-14 11:58:42 INFO  com.revature.pzero.service.BankSystem {1}:287 - USER #11 WAS RETRIEVED
2021-07-14 11:58:43 INFO  com.revature.pzero.service.BankSystem {1}:287 - USER #16 WAS RETRIEVED
2021-07-14 11:58:45 INFO  com.revature.pzero.service.BankSystem {1}:287 - USER #15 WAS RETRIEVED
2021-07-14 11:58:46 INFO  com.revature.pzero.service.BankSystem {1}:287 - USER #16 WAS RETRIEVED
2021-07-14 11:59:27 INFO  com.revature.pzero.service.BankSystem {1}:287 - USER #12 WAS RETRIEVED
2021-07-14 11:59:28 INFO  com.revature.pzero.service.BankSystem {1}:287 - USER #16 WAS RETRIEVED
2021-07-14 11:59:29 INFO  com.revature.pzero.service.BankSystem {1}:287 - USER #11 WAS RETRIEVED
2021-07-14 12:01:53 INFO  com.revature.pzero.service.BankSystem {1}:287 - USER #12 WAS RETRIEVED
2021-07-14 12:01:54 INFO  com.revature.pzero.service.BankSystem {1}:287 - USER #16 WAS RETRIEVED
2021-07-14 12:01:55 INFO  com.revature.pzero.service.BankSystem {1}:287 - USER #11 WAS RETRIEVED
2021-07-14 12:01:56 INFO  com.revature.pzero.service.BankSystem {1}:287 - USER #15 WAS RETRIEVED
2021-07-14 12:06:09 INFO  com.revature.pzero.service.BankSystem {1}:287 - USER #12 WAS RETRIEVED
2021-07-14 12:06:33 INFO  com.revature.pzero.service.BankSystem {1}:287 - USER #12 WAS RETRIEVED
2021-07-14 12:11:55 INFO  com.revature.pzero.service.BankSystem {1}:287 - USER #12 WAS RETRIEVED
2021-07-14 12:13:04 INFO  com.revature.pzero.service.BankSystem {1}:287 - USER #12 WAS RETRIEVED
2021-07-14 12:15:28 INFO  com.revature.pzero.service.BankSystem {1}:287 - USER #12 WAS RETRIEVED
2021-07-14 12:22:52 INFO  com.revature.pzero.service.BankSystem {1}:287 - USER #11 WAS RETRIEVED
2021-07-14 12:37:35 INFO  com.revature.pzero.service.BankSystem {1}:151 - RETRIEVED CUSTOMER #11 ACCOUNT
2021-07-14 12:39:36 INFO  com.revature.pzero.service.BankSystem {1}:287 - USER #12 WAS RETRIEVED
2021-07-14 12:41:09 INFO  com.revature.pzero.service.BankSystem {1}:287 - USER #12 WAS RETRIEVED
2021-07-14 14:19:11 INFO  com.revature.pzero.service.BankSystem {1}:151 - RETRIEVED CUSTOMER #12 ACCOUNT
2021-07-14 14:32:28 INFO  com.revature.pzero.service.BankSystem {1}:287 - USER #12 WAS RETRIEVED
2021-07-14 14:32:28 INFO  com.revature.pzero.service.BankSystem {1}:151 - RETRIEVED CUSTOMER #12 ACCOUNT
2021-07-14 14:34:26 INFO  com.revature.pzero.service.BankSystem {1}:287 - USER #12 WAS RETRIEVED
2021-07-14 14:34:26 INFO  com.revature.pzero.service.BankSystem {1}:151 - RETRIEVED CUSTOMER #12 ACCOUNT
2021-07-14 14:34:39 INFO  com.revature.pzero.service.BankSystem {1}:287 - USER #12 WAS RETRIEVED
2021-07-14 14:34:39 INFO  com.revature.pzero.service.BankSystem {1}:151 - RETRIEVED CUSTOMER #12 ACCOUNT
2021-07-14 14:35:41 INFO  com.revature.pzero.service.BankSystem {1}:287 - USER #12 WAS RETRIEVED
2021-07-14 14:35:41 INFO  com.revature.pzero.service.BankSystem {1}:151 - RETRIEVED CUSTOMER #12 ACCOUNT
2021-07-14 14:35:49 INFO  com.revature.pzero.service.BankSystem {1}:287 - USER #12 WAS RETRIEVED
2021-07-14 14:35:49 INFO  com.revature.pzero.service.BankSystem {1}:151 - RETRIEVED CUSTOMER #12 ACCOUNT
2021-07-14 14:37:29 INFO  com.revature.pzero.service.BankSystem {1}:287 - USER #12 WAS RETRIEVED
2021-07-14 14:37:51 INFO  com.revature.pzero.service.BankSystem {1}:151 - RETRIEVED CUSTOMER #12 ACCOUNT
2021-07-14 14:37:51 INFO  com.revature.pzero.service.BankSystem {1}:287 - USER #12 WAS RETRIEVED
2021-07-14 14:39:33 INFO  com.revature.pzero.service.BankSystem {1}:151 - RETRIEVED CUSTOMER #12 ACCOUNT
2021-07-14 14:39:33 INFO  com.revature.pzero.service.BankSystem {1}:287 - USER #12 WAS RETRIEVED
2021-07-14 14:40:25 INFO  com.revature.pzero.service.BankSystem {1}:151 - RETRIEVED CUSTOMER #12 ACCOUNT
2021-07-14 14:40:25 INFO  com.revature.pzero.service.BankSystem {1}:287 - USER #12 WAS RETRIEVED
2021-07-14 15:38:42 INFO  com.revature.pzero.service.BankSystem {1}:287 - USER #12 WAS RETRIEVED
2021-07-14 15:38:42 INFO  com.revature.pzero.service.BankSystem {1}:151 - RETRIEVED CUSTOMER #12 ACCOUNT
2021-07-14 15:38:52 INFO  com.revature.pzero.service.BankSystem {1}:287 - USER #12 WAS RETRIEVED
2021-07-14 15:38:52 INFO  com.revature.pzero.service.BankSystem {1}:151 - RETRIEVED CUSTOMER #12 ACCOUNT
2021-07-14 15:39:37 INFO  com.revature.pzero.service.BankSystem {1}:287 - USER #12 WAS RETRIEVED
2021-07-14 15:39:37 INFO  com.revature.pzero.service.BankSystem {1}:151 - RETRIEVED CUSTOMER #12 ACCOUNT
2021-07-14 15:41:24 INFO  com.revature.pzero.service.BankSystem {1}:151 - RETRIEVED CUSTOMER #12 ACCOUNT
2021-07-14 15:41:24 INFO  com.revature.pzero.service.BankSystem {1}:287 - USER #12 WAS RETRIEVED
2021-07-14 15:44:04 INFO  com.revature.pzero.service.BankSystem {1}:151 - RETRIEVED CUSTOMER #12 ACCOUNT
2021-07-14 15:44:04 INFO  com.revature.pzero.service.BankSystem {1}:287 - USER #12 WAS RETRIEVED
2021-07-14 16:22:35 INFO  com.revature.pzero.service.BankSystem {1}:151 - RETRIEVED CUSTOMER #12 ACCOUNT
2021-07-14 16:22:35 INFO  com.revature.pzero.service.BankSystem {1}:287 - USER #12 WAS RETRIEVED
2021-07-14 16:22:42 INFO  com.revature.pzero.service.BankSystem {1}:287 - USER #12 WAS RETRIEVED
2021-07-14 16:22:42 INFO  com.revature.pzero.service.BankSystem {1}:151 - RETRIEVED CUSTOMER #12 ACCOUNT
2021-07-14 16:26:39 INFO  com.revature.pzero.service.BankSystem {1}:287 - USER #12 WAS RETRIEVED
2021-07-14 16:26:39 INFO  com.revature.pzero.service.BankSystem {1}:151 - RETRIEVED CUSTOMER #12 ACCOUNT
2021-07-14 16:27:18 INFO  com.revature.pzero.service.BankSystem {1}:151 - RETRIEVED CUSTOMER #12 ACCOUNT
2021-07-14 16:27:18 INFO  com.revature.pzero.service.BankSystem {1}:287 - USER #12 WAS RETRIEVED
2021-07-14 16:29:50 INFO  com.revature.pzero.service.BankSystem {1}:287 - USER #12 WAS RETRIEVED
2021-07-14 16:29:50 INFO  com.revature.pzero.service.BankSystem {1}:151 - RETRIEVED CUSTOMER #12 ACCOUNT
2021-07-14 16:30:47 INFO  com.revature.pzero.service.BankSystem {1}:287 - USER #12 WAS RETRIEVED
2021-07-14 16:30:47 INFO  com.revature.pzero.service.BankSystem {1}:151 - RETRIEVED CUSTOMER #12 ACCOUNT
2021-07-14 16:31:18 INFO  com.revature.pzero.service.BankSystem {1}:151 - RETRIEVED CUSTOMER #12 ACCOUNT
2021-07-14 16:31:18 INFO  com.revature.pzero.service.BankSystem {1}:287 - USER #12 WAS RETRIEVED
2021-07-14 16:33:24 INFO  com.revature.pzero.service.BankSystem {1}:287 - USER #12 WAS RETRIEVED
2021-07-14 16:33:24 INFO  com.revature.pzero.service.BankSystem {1}:151 - RETRIEVED CUSTOMER #12 ACCOUNT
2021-07-14 16:33:52 INFO  com.revature.pzero.service.BankSystem {1}:287 - USER #12 WAS RETRIEVED
2021-07-14 16:33:52 INFO  com.revature.pzero.service.BankSystem {1}:151 - RETRIEVED CUSTOMER #12 ACCOUNT
2021-07-14 16:36:28 INFO  com.revature.pzero.service.BankSystem {1}:287 - USER #12 WAS RETRIEVED
2021-07-14 16:36:28 INFO  com.revature.pzero.service.BankSystem {1}:151 - RETRIEVED CUSTOMER #12 ACCOUNT
2021-07-14 16:37:00 INFO  com.revature.pzero.service.BankSystem {1}:287 - USER #12 WAS RETRIEVED
2021-07-14 16:37:00 INFO  com.revature.pzero.service.BankSystem {1}:151 - RETRIEVED CUSTOMER #12 ACCOUNT
2021-07-14 16:38:57 INFO  com.revature.pzero.service.BankSystem {1}:151 - RETRIEVED CUSTOMER #12 ACCOUNT
2021-07-14 16:55:10 INFO  com.revature.pzero.service.BankSystem {1}:287 - USER #12 WAS RETRIEVED
2021-07-14 16:55:10 INFO  com.revature.pzero.service.BankSystem {1}:151 - RETRIEVED CUSTOMER #12 ACCOUNT
2021-07-14 16:56:21 INFO  com.revature.pzero.service.BankSystem {1}:287 - USER #12 WAS RETRIEVED
2021-07-14 16:56:21 INFO  com.revature.pzero.service.BankSystem {1}:151 - RETRIEVED CUSTOMER #12 ACCOUNT
2021-07-14 16:58:36 INFO  com.revature.pzero.service.BankSystem {1}:287 - USER #12 WAS RETRIEVED
2021-07-14 16:58:36 INFO  com.revature.pzero.service.BankSystem {1}:151 - RETRIEVED CUSTOMER #12 ACCOUNT
2021-07-14 16:59:20 INFO  com.revature.pzero.service.BankSystem {1}:151 - RETRIEVED CUSTOMER #12 ACCOUNT
2021-07-14 16:59:20 INFO  com.revature.pzero.service.BankSystem {1}:287 - USER #12 WAS RETRIEVED
2021-07-14 16:59:41 INFO  com.revature.pzero.service.BankSystem {1}:287 - USER #12 WAS RETRIEVED
2021-07-14 16:59:41 INFO  com.revature.pzero.service.BankSystem {1}:151 - RETRIEVED CUSTOMER #12 ACCOUNT
2021-07-14 17:00:29 INFO  com.revature.pzero.service.BankSystem {1}:287 - USER #12 WAS RETRIEVED
2021-07-14 17:00:29 INFO  com.revature.pzero.service.BankSystem {1}:151 - RETRIEVED CUSTOMER #12 ACCOUNT
2021-07-14 17:03:36 INFO  com.revature.pzero.service.BankSystem {1}:287 - USER #12 WAS RETRIEVED
2021-07-14 17:03:36 INFO  com.revature.pzero.service.BankSystem {1}:151 - RETRIEVED CUSTOMER #12 ACCOUNT
2021-07-14 17:04:14 INFO  com.revature.pzero.service.BankSystem {1}:287 - USER #12 WAS RETRIEVED
2021-07-14 17:04:14 INFO  com.revature.pzero.service.BankSystem {1}:151 - RETRIEVED CUSTOMER #12 ACCOUNT
2021-07-14 17:04:26 INFO  com.revature.pzero.service.BankSystem {1}:287 - USER #12 WAS RETRIEVED
2021-07-14 17:04:26 INFO  com.revature.pzero.service.BankSystem {1}:151 - RETRIEVED CUSTOMER #12 ACCOUNT
2021-07-14 17:05:10 INFO  com.revature.pzero.service.BankSystem {1}:287 - USER #12 WAS RETRIEVED
2021-07-14 17:05:10 INFO  com.revature.pzero.service.BankSystem {1}:151 - RETRIEVED CUSTOMER #12 ACCOUNT
2021-07-14 17:05:35 INFO  com.revature.pzero.service.BankSystem {1}:287 - USER #12 WAS RETRIEVED
2021-07-14 17:05:35 INFO  com.revature.pzero.service.BankSystem {1}:151 - RETRIEVED CUSTOMER #12 ACCOUNT
2021-07-14 17:05:37 INFO  com.revature.pzero.service.BankSystem {1}:301 - ACCOUNT #2 WAS RETRIEVED
2021-07-14 17:05:37 INFO  com.revature.pzero.service.BankSystem {1}:338 - ACCOUNT #2 WAS APPROVED
2021-07-14 17:05:41 INFO  com.revature.pzero.service.BankSystem {1}:301 - ACCOUNT #2 WAS RETRIEVED
2021-07-14 17:05:41 INFO  com.revature.pzero.service.BankSystem {1}:338 - ACCOUNT #2 WAS APPROVED
2021-07-14 17:05:42 INFO  com.revature.pzero.service.BankSystem {1}:301 - ACCOUNT #2 WAS RETRIEVED
2021-07-14 17:05:42 INFO  com.revature.pzero.service.BankSystem {1}:338 - ACCOUNT #2 WAS APPROVED
2021-07-14 17:05:44 INFO  com.revature.pzero.service.BankSystem {1}:301 - ACCOUNT #3 WAS RETRIEVED
2021-07-14 17:05:44 INFO  com.revature.pzero.service.BankSystem {1}:338 - ACCOUNT #3 WAS APPROVED
2021-07-14 17:05:45 INFO  com.revature.pzero.service.BankSystem {1}:301 - ACCOUNT #3 WAS RETRIEVED
2021-07-14 17:05:45 INFO  com.revature.pzero.service.BankSystem {1}:338 - ACCOUNT #3 WAS APPROVED
2021-07-14 17:15:29 INFO  com.revature.pzero.service.BankSystem {1}:301 - ACCOUNT #2 WAS RETRIEVED
2021-07-14 17:15:29 INFO  com.revature.pzero.service.BankSystem {1}:338 - ACCOUNT #2 WAS APPROVED
2021-07-14 17:15:31 INFO  com.revature.pzero.service.BankSystem {1}:301 - ACCOUNT #3 WAS RETRIEVED
2021-07-14 17:15:31 INFO  com.revature.pzero.service.BankSystem {1}:338 - ACCOUNT #3 WAS APPROVED
2021-07-14 17:15:32 INFO  com.revature.pzero.service.BankSystem {1}:301 - ACCOUNT #3 WAS RETRIEVED
2021-07-14 17:15:32 INFO  com.revature.pzero.service.BankSystem {1}:338 - ACCOUNT #3 WAS APPROVED
2021-07-14 17:15:34 INFO  com.revature.pzero.service.BankSystem {1}:301 - ACCOUNT #2 WAS RETRIEVED
2021-07-14 17:15:34 INFO  com.revature.pzero.service.BankSystem {1}:338 - ACCOUNT #2 WAS APPROVED
2021-07-14 17:22:57 INFO  com.revature.pzero.service.BankSystem {1}:287 - USER #12 WAS RETRIEVED
2021-07-14 17:22:57 INFO  com.revature.pzero.service.BankSystem {1}:151 - RETRIEVED CUSTOMER #12 ACCOUNT
2021-07-14 17:23:27 INFO  com.revature.pzero.service.BankSystem {1}:287 - USER #12 WAS RETRIEVED
2021-07-14 17:23:27 INFO  com.revature.pzero.service.BankSystem {1}:151 - RETRIEVED CUSTOMER #12 ACCOUNT
2021-07-14 17:24:14 INFO  com.revature.pzero.service.BankSystem {1}:287 - USER #12 WAS RETRIEVED
2021-07-14 17:24:14 INFO  com.revature.pzero.service.BankSystem {1}:151 - RETRIEVED CUSTOMER #12 ACCOUNT
2021-07-14 17:24:16 INFO  com.revature.pzero.service.BankSystem {1}:301 - ACCOUNT #2 WAS RETRIEVED
2021-07-14 17:24:16 INFO  com.revature.pzero.service.BankSystem {1}:363 - ACCOUNT #2 WAS CLOSED
2021-07-14 17:26:17 INFO  com.revature.pzero.service.BankSystem {1}:287 - USER #12 WAS RETRIEVED
2021-07-14 17:26:17 INFO  com.revature.pzero.service.BankSystem {1}:151 - RETRIEVED CUSTOMER #12 ACCOUNT
2021-07-14 17:27:14 INFO  com.revature.pzero.service.BankSystem {1}:287 - USER #12 WAS RETRIEVED
2021-07-14 17:27:14 INFO  com.revature.pzero.service.BankSystem {1}:151 - RETRIEVED CUSTOMER #12 ACCOUNT
2021-07-14 17:27:17 INFO  com.revature.pzero.service.BankSystem {1}:301 - ACCOUNT #3 WAS RETRIEVED
2021-07-14 17:31:50 INFO  com.revature.pzero.service.BankSystem {1}:287 - USER #12 WAS RETRIEVED
2021-07-14 17:31:50 INFO  com.revature.pzero.service.BankSystem {1}:151 - RETRIEVED CUSTOMER #12 ACCOUNT
2021-07-14 17:31:58 INFO  com.revature.pzero.service.BankSystem {1}:301 - ACCOUNT #10 WAS RETRIEVED
2021-07-14 17:31:58 INFO  com.revature.pzero.service.BankSystem {1}:151 - RETRIEVED CUSTOMER #12 ACCOUNT
2021-07-14 17:35:01 INFO  com.revature.pzero.service.BankSystem {1}:287 - USER #12 WAS RETRIEVED
2021-07-14 17:35:01 INFO  com.revature.pzero.service.BankSystem {1}:151 - RETRIEVED CUSTOMER #12 ACCOUNT
2021-07-14 17:35:06 INFO  com.revature.pzero.service.BankSystem {1}:301 - ACCOUNT #11 WAS RETRIEVED
2021-07-14 17:35:06 INFO  com.revature.pzero.service.BankSystem {1}:151 - RETRIEVED CUSTOMER #12 ACCOUNT
2021-07-14 17:37:48 INFO  com.revature.pzero.service.BankSystem {1}:151 - RETRIEVED CUSTOMER #12 ACCOUNT
2021-07-14 17:37:48 INFO  com.revature.pzero.service.BankSystem {1}:287 - USER #12 WAS RETRIEVED
2021-07-14 17:37:55 INFO  com.revature.pzero.service.BankSystem {1}:301 - ACCOUNT #11 WAS RETRIEVED
2021-07-14 17:37:55 INFO  com.revature.pzero.service.BankSystem {1}:151 - RETRIEVED CUSTOMER #12 ACCOUNT
2021-07-14 17:38:07 INFO  com.revature.pzero.service.BankSystem {1}:301 - ACCOUNT #10 WAS RETRIEVED
2021-07-14 17:38:07 INFO  com.revature.pzero.service.BankSystem {1}:338 - ACCOUNT #10 WAS APPROVED
2021-07-14 17:38:10 INFO  com.revature.pzero.service.BankSystem {1}:301 - ACCOUNT #10 WAS RETRIEVED
2021-07-14 17:38:10 INFO  com.revature.pzero.service.BankSystem {1}:338 - ACCOUNT #10 WAS APPROVED
2021-07-14 17:38:12 INFO  com.revature.pzero.service.BankSystem {1}:301 - ACCOUNT #10 WAS RETRIEVED
2021-07-14 17:38:12 INFO  com.revature.pzero.service.BankSystem {1}:151 - RETRIEVED CUSTOMER #12 ACCOUNT
2021-07-14 17:38:18 INFO  com.revature.pzero.service.BankSystem {1}:287 - USER #12 WAS RETRIEVED
2021-07-14 17:38:18 INFO  com.revature.pzero.service.BankSystem {1}:151 - RETRIEVED CUSTOMER #12 ACCOUNT
2021-07-14 17:38:42 INFO  com.revature.pzero.service.BankSystem {1}:287 - USER #12 WAS RETRIEVED
2021-07-14 17:38:42 INFO  com.revature.pzero.service.BankSystem {1}:151 - RETRIEVED CUSTOMER #12 ACCOUNT
2021-07-14 17:38:57 INFO  com.revature.pzero.service.BankSystem {1}:287 - USER #12 WAS RETRIEVED
2021-07-14 17:38:57 INFO  com.revature.pzero.service.BankSystem {1}:151 - RETRIEVED CUSTOMER #12 ACCOUNT
2021-07-14 17:47:23 INFO  com.revature.pzero.service.BankSystem {1}:287 - USER #12 WAS RETRIEVED
2021-07-14 17:47:23 INFO  com.revature.pzero.service.BankSystem {1}:151 - RETRIEVED CUSTOMER #12 ACCOUNT
2021-07-14 17:48:01 INFO  com.revature.pzero.service.BankSystem {1}:151 - RETRIEVED CUSTOMER #12 ACCOUNT
2021-07-14 17:48:01 INFO  com.revature.pzero.service.BankSystem {1}:287 - USER #12 WAS RETRIEVED
2021-07-14 17:49:32 INFO  com.revature.pzero.service.BankSystem {1}:287 - USER #12 WAS RETRIEVED
2021-07-14 17:49:32 INFO  com.revature.pzero.service.BankSystem {1}:151 - RETRIEVED CUSTOMER #12 ACCOUNT
2021-07-14 17:49:34 INFO  com.revature.pzero.service.BankSystem {1}:301 - ACCOUNT #3 WAS RETRIEVED
2021-07-14 17:49:34 INFO  com.revature.pzero.service.BankSystem {1}:338 - ACCOUNT #3 WAS APPROVED
2021-07-14 17:50:39 INFO  com.revature.pzero.service.BankSystem {1}:151 - RETRIEVED CUSTOMER #12 ACCOUNT
2021-07-14 17:50:39 INFO  com.revature.pzero.service.BankSystem {1}:287 - USER #12 WAS RETRIEVED
2021-07-14 17:50:41 INFO  com.revature.pzero.service.BankSystem {1}:301 - ACCOUNT #7 WAS RETRIEVED
2021-07-14 17:50:41 INFO  com.revature.pzero.service.BankSystem {1}:338 - ACCOUNT #7 WAS APPROVED
2021-07-14 17:51:21 INFO  com.revature.pzero.service.BankSystem {1}:287 - USER #12 WAS RETRIEVED
2021-07-14 17:51:21 INFO  com.revature.pzero.service.BankSystem {1}:151 - RETRIEVED CUSTOMER #12 ACCOUNT
2021-07-14 17:51:23 INFO  com.revature.pzero.service.BankSystem {1}:301 - ACCOUNT #6 WAS RETRIEVED
2021-07-14 17:51:23 INFO  com.revature.pzero.service.BankSystem {1}:338 - ACCOUNT #6 WAS APPROVED
2021-07-14 17:51:24 INFO  com.revature.pzero.service.BankSystem {1}:301 - ACCOUNT #6 WAS RETRIEVED
2021-07-14 17:51:24 INFO  com.revature.pzero.service.BankSystem {1}:338 - ACCOUNT #6 WAS APPROVED
2021-07-14 17:51:24 INFO  com.revature.pzero.service.BankSystem {1}:301 - ACCOUNT #9 WAS RETRIEVED
2021-07-14 17:51:24 INFO  com.revature.pzero.service.BankSystem {1}:338 - ACCOUNT #9 WAS APPROVED
2021-07-14 17:51:24 INFO  com.revature.pzero.service.BankSystem {1}:301 - ACCOUNT #9 WAS RETRIEVED
2021-07-14 17:51:24 INFO  com.revature.pzero.service.BankSystem {1}:338 - ACCOUNT #9 WAS APPROVED
2021-07-14 17:51:28 INFO  com.revature.pzero.service.BankSystem {1}:301 - ACCOUNT #4 WAS RETRIEVED
2021-07-14 17:51:28 INFO  com.revature.pzero.service.BankSystem {1}:338 - ACCOUNT #4 WAS APPROVED
2021-07-14 17:51:30 INFO  com.revature.pzero.service.BankSystem {1}:301 - ACCOUNT #4 WAS RETRIEVED
2021-07-14 17:51:41 INFO  com.revature.pzero.service.BankSystem {1}:301 - ACCOUNT #2 WAS RETRIEVED
2021-07-14 17:51:41 INFO  com.revature.pzero.service.BankSystem {1}:338 - ACCOUNT #2 WAS APPROVED
2021-07-14 17:51:45 INFO  com.revature.pzero.service.BankSystem {1}:301 - ACCOUNT #2 WAS RETRIEVED
2021-07-14 17:51:50 INFO  com.revature.pzero.service.BankSystem {1}:301 - ACCOUNT #4 WAS RETRIEVED
2021-07-14 17:51:50 INFO  com.revature.pzero.service.BankSystem {1}:338 - ACCOUNT #4 WAS APPROVED
2021-07-14 17:51:52 INFO  com.revature.pzero.service.BankSystem {1}:301 - ACCOUNT #4 WAS RETRIEVED
2021-07-14 17:51:52 INFO  com.revature.pzero.service.BankSystem {1}:151 - RETRIEVED CUSTOMER #12 ACCOUNT
2021-07-14 17:52:28 INFO  com.revature.pzero.service.BankSystem {1}:287 - USER #16 WAS RETRIEVED
2021-07-14 17:52:28 INFO  com.revature.pzero.service.BankSystem {1}:151 - RETRIEVED CUSTOMER #16 ACCOUNT
2021-07-14 17:52:30 INFO  com.revature.pzero.service.BankSystem {1}:301 - ACCOUNT #5 WAS RETRIEVED
2021-07-14 17:52:30 INFO  com.revature.pzero.service.BankSystem {1}:338 - ACCOUNT #5 WAS APPROVED
2021-07-14 17:52:31 INFO  com.revature.pzero.service.BankSystem {1}:301 - ACCOUNT #5 WAS RETRIEVED
2021-07-14 17:52:31 INFO  com.revature.pzero.service.BankSystem {1}:338 - ACCOUNT #5 WAS APPROVED
2021-07-14 17:52:33 INFO  com.revature.pzero.service.BankSystem {1}:287 - USER #15 WAS RETRIEVED
2021-07-14 17:52:33 INFO  com.revature.pzero.service.BankSystem {1}:151 - RETRIEVED CUSTOMER #15 ACCOUNT
2021-07-14 17:52:38 INFO  com.revature.pzero.service.BankSystem {1}:287 - USER #11 WAS RETRIEVED
2021-07-14 17:52:38 INFO  com.revature.pzero.service.BankSystem {1}:151 - RETRIEVED CUSTOMER #11 ACCOUNT
2021-07-14 17:52:44 INFO  com.revature.pzero.service.BankSystem {1}:287 - USER #12 WAS RETRIEVED
2021-07-14 17:52:44 INFO  com.revature.pzero.service.BankSystem {1}:151 - RETRIEVED CUSTOMER #12 ACCOUNT
2021-07-14 18:47:02 INFO  com.revature.pzero.service.BankSystem {1}:304 - USER #11 WAS RETRIEVED
2021-07-14 18:47:02 INFO  com.revature.pzero.service.BankSystem {1}:157 - RETRIEVED CUSTOMER #11 ACCOUNT
2021-07-14 21:34:55 INFO  com.revature.pzero.service.BankSystem {1}:304 - USER #12 WAS RETRIEVED
2021-07-14 21:35:19 INFO  com.revature.pzero.service.BankSystem {1}:157 - RETRIEVED CUSTOMER #11 ACCOUNT
2021-07-14 21:36:10 INFO  com.revature.pzero.service.BankSystem {1}:157 - RETRIEVED CUSTOMER #11 ACCOUNT
2021-07-14 21:36:19 INFO  com.revature.pzero.service.BankSystem {1}:157 - RETRIEVED CUSTOMER #11 ACCOUNT
2021-07-14 21:36:19 INFO  com.revature.pzero.service.BankSystem {1}:304 - USER #12 WAS RETRIEVED
2021-07-14 21:37:48 INFO  com.revature.pzero.service.BankSystem {1}:157 - RETRIEVED CUSTOMER #11 ACCOUNT
2021-07-14 21:37:48 INFO  com.revature.pzero.service.BankSystem {1}:304 - USER #12 WAS RETRIEVED
2021-07-14 21:37:52 INFO  com.revature.pzero.service.BankSystem {1}:304 - USER #12 WAS RETRIEVED
2021-07-14 21:37:53 INFO  com.revature.pzero.service.BankSystem {1}:157 - RETRIEVED CUSTOMER #11 ACCOUNT
2021-07-14 21:43:05 INFO  com.revature.pzero.service.BankSystem {1}:157 - RETRIEVED CUSTOMER #12 ACCOUNT
2021-07-14 21:43:05 INFO  com.revature.pzero.service.BankSystem {1}:304 - USER #12 WAS RETRIEVED
2021-07-14 21:44:55 INFO  com.revature.pzero.service.BankSystem {1}:157 - RETRIEVED CUSTOMER #12 ACCOUNT
2021-07-14 21:44:55 INFO  com.revature.pzero.service.BankSystem {1}:304 - USER #12 WAS RETRIEVED
2021-07-14 21:49:45 INFO  com.revature.pzero.service.BankSystem {1}:304 - USER #12 WAS RETRIEVED
2021-07-14 21:49:45 INFO  com.revature.pzero.service.BankSystem {1}:157 - RETRIEVED CUSTOMER #12 ACCOUNT
2021-07-14 21:50:34 INFO  com.revature.pzero.service.BankSystem {1}:304 - USER #12 WAS RETRIEVED
2021-07-14 21:50:34 INFO  com.revature.pzero.service.BankSystem {1}:157 - RETRIEVED CUSTOMER #12 ACCOUNT
2021-07-14 21:58:06 INFO  com.revature.pzero.service.BankSystem {1}:157 - RETRIEVED CUSTOMER #12 ACCOUNT
2021-07-14 21:58:06 INFO  com.revature.pzero.service.BankSystem {1}:304 - USER #12 WAS RETRIEVED
2021-07-14 21:58:37 INFO  com.revature.pzero.service.BankSystem {1}:157 - RETRIEVED CUSTOMER #12 ACCOUNT
2021-07-14 21:58:37 INFO  com.revature.pzero.service.BankSystem {1}:304 - USER #12 WAS RETRIEVED
2021-07-14 21:59:54 INFO  com.revature.pzero.service.BankSystem {1}:157 - RETRIEVED CUSTOMER #12 ACCOUNT
2021-07-14 21:59:54 INFO  com.revature.pzero.service.BankSystem {1}:304 - USER #12 WAS RETRIEVED
2021-07-14 22:00:42 INFO  com.revature.pzero.service.BankSystem {1}:157 - RETRIEVED CUSTOMER #12 ACCOUNT
2021-07-14 22:00:49 INFO  com.revature.pzero.service.BankSystem {1}:157 - RETRIEVED CUSTOMER #12 ACCOUNT
2021-07-14 22:00:49 INFO  com.revature.pzero.service.BankSystem {1}:304 - USER #12 WAS RETRIEVED
2021-07-14 22:01:39 INFO  com.revature.pzero.service.BankSystem {1}:304 - USER #12 WAS RETRIEVED
2021-07-14 22:01:41 INFO  com.revature.pzero.service.BankSystem {1}:304 - USER #12 WAS RETRIEVED
2021-07-14 22:01:41 INFO  com.revature.pzero.service.BankSystem {1}:157 - RETRIEVED CUSTOMER #12 ACCOUNT
2021-07-14 22:02:22 INFO  com.revature.pzero.service.BankSystem {1}:304 - USER #12 WAS RETRIEVED
2021-07-14 22:02:22 INFO  com.revature.pzero.service.BankSystem {1}:157 - RETRIEVED CUSTOMER #12 ACCOUNT
2021-07-14 22:03:25 INFO  com.revature.pzero.service.BankSystem {1}:157 - RETRIEVED CUSTOMER #12 ACCOUNT
2021-07-14 22:03:25 INFO  com.revature.pzero.service.BankSystem {1}:304 - USER #12 WAS RETRIEVED
2021-07-14 22:06:35 INFO  com.revature.pzero.service.BankSystem {1}:304 - USER #12 WAS RETRIEVED
2021-07-14 22:06:35 INFO  com.revature.pzero.service.BankSystem {1}:157 - RETRIEVED CUSTOMER #12 ACCOUNT
2021-07-14 22:07:41 INFO  com.revature.pzero.service.BankSystem {1}:157 - RETRIEVED CUSTOMER #12 ACCOUNT
2021-07-14 22:07:41 INFO  com.revature.pzero.service.BankSystem {1}:304 - USER #12 WAS RETRIEVED
2021-07-14 22:08:49 INFO  com.revature.pzero.service.BankSystem {1}:304 - USER #12 WAS RETRIEVED
2021-07-14 22:08:49 INFO  com.revature.pzero.service.BankSystem {1}:157 - RETRIEVED CUSTOMER #12 ACCOUNT
2021-07-14 22:12:05 INFO  com.revature.pzero.service.BankSystem {1}:157 - RETRIEVED CUSTOMER #12 ACCOUNT
2021-07-14 22:12:09 INFO  com.revature.pzero.service.BankSystem {1}:304 - USER #12 WAS RETRIEVED
2021-07-14 22:12:09 INFO  com.revature.pzero.service.BankSystem {1}:157 - RETRIEVED CUSTOMER #12 ACCOUNT
2021-07-14 22:19:08 INFO  com.revature.pzero.service.BankSystem {1}:157 - RETRIEVED CUSTOMER #12 ACCOUNT
2021-07-14 22:19:08 INFO  com.revature.pzero.service.BankSystem {1}:304 - USER #12 WAS RETRIEVED
2021-07-14 22:22:02 INFO  com.revature.pzero.service.BankSystem {1}:304 - USER #12 WAS RETRIEVED
2021-07-14 22:22:02 INFO  com.revature.pzero.service.BankSystem {1}:157 - RETRIEVED CUSTOMER #12 ACCOUNT
2021-07-14 22:22:43 INFO  com.revature.pzero.service.BankSystem {1}:157 - RETRIEVED CUSTOMER #12 ACCOUNT
2021-07-14 22:22:43 INFO  com.revature.pzero.service.BankSystem {1}:304 - USER #12 WAS RETRIEVED
2021-07-14 22:23:01 INFO  com.revature.pzero.service.BankSystem {1}:304 - USER #12 WAS RETRIEVED
2021-07-14 22:23:01 INFO  com.revature.pzero.service.BankSystem {1}:157 - RETRIEVED CUSTOMER #12 ACCOUNT
2021-07-14 22:24:18 INFO  com.revature.pzero.service.BankSystem {1}:304 - USER #12 WAS RETRIEVED
2021-07-14 22:24:18 INFO  com.revature.pzero.service.BankSystem {1}:157 - RETRIEVED CUSTOMER #12 ACCOUNT
2021-07-14 22:34:19 INFO  com.revature.pzero.service.BankSystem {1}:157 - RETRIEVED CUSTOMER #12 ACCOUNT
2021-07-14 22:34:19 INFO  com.revature.pzero.service.BankSystem {1}:304 - USER #12 WAS RETRIEVED
2021-07-14 22:35:22 INFO  com.revature.pzero.service.BankSystem {1}:157 - RETRIEVED CUSTOMER #12 ACCOUNT
2021-07-14 22:35:22 INFO  com.revature.pzero.service.BankSystem {1}:304 - USER #12 WAS RETRIEVED
2021-07-14 22:36:10 INFO  com.revature.pzero.service.BankSystem {1}:157 - RETRIEVED CUSTOMER #12 ACCOUNT
2021-07-14 22:36:10 INFO  com.revature.pzero.service.BankSystem {1}:304 - USER #12 WAS RETRIEVED
2021-07-14 22:36:30 INFO  com.revature.pzero.service.BankSystem {1}:304 - USER #12 WAS RETRIEVED
2021-07-14 22:36:30 INFO  com.revature.pzero.service.BankSystem {1}:157 - RETRIEVED CUSTOMER #12 ACCOUNT
2021-07-14 22:36:57 INFO  com.revature.pzero.service.BankSystem {1}:157 - RETRIEVED CUSTOMER #12 ACCOUNT
2021-07-14 22:36:57 INFO  com.revature.pzero.service.BankSystem {1}:304 - USER #12 WAS RETRIEVED
2021-07-14 22:37:20 INFO  com.revature.pzero.service.BankSystem {1}:157 - RETRIEVED CUSTOMER #12 ACCOUNT
2021-07-14 22:37:20 INFO  com.revature.pzero.service.BankSystem {1}:304 - USER #12 WAS RETRIEVED
2021-07-14 22:37:27 INFO  com.revature.pzero.service.BankSystem {1}:304 - USER #12 WAS RETRIEVED
2021-07-14 22:37:27 INFO  com.revature.pzero.service.BankSystem {1}:157 - RETRIEVED CUSTOMER #12 ACCOUNT
2021-07-14 22:59:51 INFO  com.revature.pzero.service.BankSystem {1}:157 - RETRIEVED CUSTOMER #12 ACCOUNT
2021-07-15 20:23:23 INFO  com.revature.pzero.service.BankSystem {1}:185 - RETRIEVED CUSTOMER #12 ACCOUNT
2021-07-15 20:28:00 INFO  com.revature.pzero.service.BankSystem {1}:185 - RETRIEVED CUSTOMER #12 ACCOUNT
2021-07-15 20:28:03 INFO  com.revature.pzero.service.BankSystem {1}:185 - RETRIEVED CUSTOMER #12 ACCOUNT
2021-07-15 20:28:05 INFO  com.revature.pzero.service.BankSystem {1}:185 - RETRIEVED CUSTOMER #12 ACCOUNT
2021-07-15 20:28:18 INFO  com.revature.pzero.service.BankSystem {1}:185 - RETRIEVED CUSTOMER #12 ACCOUNT
2021-07-15 20:28:20 INFO  com.revature.pzero.service.BankSystem {1}:185 - RETRIEVED CUSTOMER #12 ACCOUNT
2021-07-15 20:28:33 INFO  com.revature.pzero.service.BankSystem {1}:185 - RETRIEVED CUSTOMER #12 ACCOUNT
2021-07-15 20:28:53 INFO  com.revature.pzero.service.BankSystem {1}:185 - RETRIEVED CUSTOMER #12 ACCOUNT
2021-07-15 20:29:01 INFO  com.revature.pzero.service.BankSystem {1}:185 - RETRIEVED CUSTOMER #12 ACCOUNT
2021-07-15 20:29:06 INFO  com.revature.pzero.service.BankSystem {1}:185 - RETRIEVED CUSTOMER #12 ACCOUNT
2021-07-15 20:29:13 INFO  com.revature.pzero.service.BankSystem {1}:185 - RETRIEVED CUSTOMER #12 ACCOUNT
2021-07-15 20:29:15 INFO  com.revature.pzero.service.BankSystem {1}:185 - RETRIEVED CUSTOMER #12 ACCOUNT
2021-07-15 20:29:26 INFO  com.revature.pzero.service.BankSystem {1}:298 - TRANSFER FROM ACCOUNT #4 OF AMOUNT 13.98 TO ACCOUNT #3
2021-07-15 20:29:26 INFO  com.revature.pzero.service.BankSystem {1}:185 - RETRIEVED CUSTOMER #12 ACCOUNT
2021-07-15 20:36:22 INFO  com.revature.pzero.service.BankSystem {1}:185 - RETRIEVED CUSTOMER #16 ACCOUNT
2021-07-15 20:36:29 INFO  com.revature.pzero.service.BankSystem {1}:185 - RETRIEVED CUSTOMER #19 ACCOUNT
2021-07-15 20:36:31 INFO  com.revature.pzero.service.BankSystem {1}:185 - RETRIEVED CUSTOMER #12 ACCOUNT
2021-07-15 20:36:35 INFO  com.revature.pzero.service.BankSystem {1}:185 - RETRIEVED CUSTOMER #20 ACCOUNT
2021-07-15 22:30:18 INFO  com.revature.pzero.service.BankSystem {1}:185 - RETRIEVED CUSTOMER #12 ACCOUNT
2021-07-15 22:30:34 INFO  com.revature.pzero.service.BankSystem {1}:185 - RETRIEVED CUSTOMER #12 ACCOUNT
2021-07-15 22:30:42 INFO  com.revature.pzero.service.BankSystem {1}:185 - RETRIEVED CUSTOMER #12 ACCOUNT
2021-07-15 22:30:54 INFO  com.revature.pzero.service.BankSystem {1}:185 - RETRIEVED CUSTOMER #12 ACCOUNT
2021-07-15 22:31:01 INFO  com.revature.pzero.service.BankSystem {1}:185 - RETRIEVED CUSTOMER #12 ACCOUNT
2021-07-15 22:31:06 INFO  com.revature.pzero.service.BankSystem {1}:185 - RETRIEVED CUSTOMER #12 ACCOUNT
2021-07-15 22:31:16 INFO  com.revature.pzero.service.BankSystem {1}:185 - RETRIEVED CUSTOMER #12 ACCOUNT
2021-07-15 22:31:18 INFO  com.revature.pzero.service.BankSystem {1}:185 - RETRIEVED CUSTOMER #12 ACCOUNT
2021-07-15 22:31:30 INFO  com.revature.pzero.service.BankSystem {1}:185 - RETRIEVED CUSTOMER #12 ACCOUNT
2021-07-15 22:31:37 INFO  com.revature.pzero.service.BankSystem {1}:185 - RETRIEVED CUSTOMER #12 ACCOUNT
2021-07-15 22:31:45 INFO  com.revature.pzero.service.BankSystem {1}:185 - RETRIEVED CUSTOMER #12 ACCOUNT
2021-07-15 22:31:52 INFO  com.revature.pzero.service.BankSystem {1}:298 - TRANSFER FROM ACCOUNT #4 OF AMOUNT 25.0 TO ACCOUNT #3
2021-07-15 22:31:52 INFO  com.revature.pzero.service.BankSystem {1}:185 - RETRIEVED CUSTOMER #12 ACCOUNT
2021-07-15 22:36:48 INFO  com.revature.pzero.service.BankSystem {1}:185 - RETRIEVED CUSTOMER #12 ACCOUNT
2021-07-15 22:36:56 INFO  com.revature.pzero.service.BankSystem {1}:185 - RETRIEVED CUSTOMER #12 ACCOUNT
2021-07-15 22:37:28 INFO  com.revature.pzero.service.BankSystem {1}:185 - RETRIEVED CUSTOMER #12 ACCOUNT
2021-07-15 22:38:26 INFO  com.revature.pzero.service.BankSystem {1}:185 - RETRIEVED CUSTOMER #12 ACCOUNT
2021-07-15 22:39:08 DEBUG com.revature.pzero.service.BankSystem {1}:166 - Account provided invalid.
2021-07-15 22:44:30 INFO  com.revature.pzero.service.BankSystem {1}:185 - RETRIEVED CUSTOMER #12 ACCOUNT
2021-07-15 22:44:36 INFO  com.revature.pzero.service.BankSystem {1}:185 - RETRIEVED CUSTOMER #12 ACCOUNT
2021-07-15 22:45:31 INFO  com.revature.pzero.service.BankSystem {1}:298 - TRANSFER FROM ACCOUNT #3 OF AMOUNT 8.7 TO ACCOUNT #5
2021-07-15 22:45:31 INFO  com.revature.pzero.service.BankSystem {1}:185 - RETRIEVED CUSTOMER #12 ACCOUNT
2021-07-15 22:49:57 INFO  com.revature.pzero.service.BankSystem {1}:185 - RETRIEVED CUSTOMER #12 ACCOUNT
2021-07-15 22:50:07 INFO  com.revature.pzero.service.BankSystem {1}:75 - Bank account creation failed.
2021-07-15 22:50:08 INFO  com.revature.pzero.service.BankSystem {1}:185 - RETRIEVED CUSTOMER #12 ACCOUNT
2021-07-15 23:02:53 INFO  com.revature.pzero.service.BankSystem {1}:185 - RETRIEVED CUSTOMER #12 ACCOUNT
2021-07-15 23:02:57 INFO  com.revature.pzero.service.BankSystem {1}:75 - Bank account creation failed.
2021-07-15 23:02:57 INFO  com.revature.pzero.service.BankSystem {1}:185 - RETRIEVED CUSTOMER #12 ACCOUNT
2021-07-15 23:04:25 INFO  com.revature.pzero.service.BankSystem {1}:185 - RETRIEVED CUSTOMER #12 ACCOUNT
2021-07-15 23:04:27 INFO  com.revature.pzero.service.BankSystem {1}:185 - RETRIEVED CUSTOMER #12 ACCOUNT
2021-07-15 23:07:11 INFO  com.revature.pzero.service.BankSystem {1}:185 - RETRIEVED CUSTOMER #19 ACCOUNT
2021-07-15 23:07:15 INFO  com.revature.pzero.service.BankSystem {1}:185 - RETRIEVED CUSTOMER #19 ACCOUNT
2021-07-15 23:07:28 INFO  com.revature.pzero.service.BankSystem {1}:185 - RETRIEVED CUSTOMER #19 ACCOUNT
2021-07-15 23:07:30 INFO  com.revature.pzero.service.BankSystem {1}:185 - RETRIEVED CUSTOMER #19 ACCOUNT
2021-07-15 23:07:38 INFO  com.revature.pzero.service.BankSystem {1}:185 - RETRIEVED CUSTOMER #19 ACCOUNT
2021-07-15 23:07:40 INFO  com.revature.pzero.service.BankSystem {1}:185 - RETRIEVED CUSTOMER #19 ACCOUNT
2021-07-15 23:08:06 INFO  com.revature.pzero.service.BankSystem {1}:298 - TRANSFER FROM ACCOUNT #5 OF AMOUNT 12.14 TO ACCOUNT #6
2021-07-15 23:08:06 INFO  com.revature.pzero.service.BankSystem {1}:185 - RETRIEVED CUSTOMER #19 ACCOUNT
2021-07-15 23:08:09 INFO  com.revature.pzero.service.BankSystem {1}:185 - RETRIEVED CUSTOMER #19 ACCOUNT
2021-07-15 23:08:48 INFO  com.revature.pzero.service.BankSystem {1}:185 - RETRIEVED CUSTOMER #11 ACCOUNT
2021-07-15 23:08:52 INFO  com.revature.pzero.service.BankSystem {1}:185 - RETRIEVED CUSTOMER #19 ACCOUNT
2021-07-15 23:09:08 INFO  com.revature.pzero.service.BankSystem {1}:185 - RETRIEVED CUSTOMER #12 ACCOUNT
2021-07-15 23:09:13 INFO  com.revature.pzero.service.BankSystem {1}:185 - RETRIEVED CUSTOMER #12 ACCOUNT
2021-07-15 23:09:17 INFO  com.revature.pzero.service.BankSystem {1}:185 - RETRIEVED CUSTOMER #11 ACCOUNT
2021-07-15 23:09:54 INFO  com.revature.pzero.service.BankSystem {1}:91 - Username invalid.
2021-07-15 23:15:45 INFO  com.revature.pzero.service.BankSystem {1}:185 - RETRIEVED CUSTOMER #20 ACCOUNT
2021-07-15 23:15:48 INFO  com.revature.pzero.service.BankSystem {1}:185 - RETRIEVED CUSTOMER #20 ACCOUNT
2021-07-15 23:15:51 INFO  com.revature.pzero.service.BankSystem {1}:185 - RETRIEVED CUSTOMER #19 ACCOUNT
2021-07-15 23:15:53 INFO  com.revature.pzero.service.BankSystem {1}:185 - RETRIEVED CUSTOMER #16 ACCOUNT
2021-07-15 23:15:56 INFO  com.revature.pzero.service.BankSystem {1}:185 - RETRIEVED CUSTOMER #15 ACCOUNT
2021-07-15 23:15:58 INFO  com.revature.pzero.service.BankSystem {1}:185 - RETRIEVED CUSTOMER #12 ACCOUNT
2021-07-15 23:16:02 INFO  com.revature.pzero.service.BankSystem {1}:185 - RETRIEVED CUSTOMER #12 ACCOUNT
2021-07-15 23:16:04 INFO  com.revature.pzero.service.BankSystem {1}:185 - RETRIEVED CUSTOMER #11 ACCOUNT
2021-07-16 08:12:07 INFO  com.revature.pzero.service.BankSystem {1}:185 - RETRIEVED CUSTOMER #12 ACCOUNT
2021-07-16 08:12:15 INFO  com.revature.pzero.service.BankSystem {1}:185 - RETRIEVED CUSTOMER #12 ACCOUNT
2021-07-16 08:12:27 INFO  com.revature.pzero.service.BankSystem {1}:185 - RETRIEVED CUSTOMER #12 ACCOUNT
2021-07-16 08:12:31 INFO  com.revature.pzero.service.BankSystem {1}:185 - RETRIEVED CUSTOMER #12 ACCOUNT
2021-07-16 08:12:45 INFO  com.revature.pzero.service.BankSystem {1}:185 - RETRIEVED CUSTOMER #12 ACCOUNT
2021-07-16 08:12:48 INFO  com.revature.pzero.service.BankSystem {1}:185 - RETRIEVED CUSTOMER #12 ACCOUNT
2021-07-16 08:12:56 INFO  com.revature.pzero.service.BankSystem {1}:298 - TRANSFER FROM ACCOUNT #3 OF AMOUNT 25.0 TO ACCOUNT #4
2021-07-16 08:12:56 INFO  com.revature.pzero.service.BankSystem {1}:185 - RETRIEVED CUSTOMER #12 ACCOUNT
2021-07-16 08:13:01 INFO  com.revature.pzero.service.BankSystem {1}:185 - RETRIEVED CUSTOMER #12 ACCOUNT
2021-07-16 08:13:37 INFO  com.revature.pzero.service.BankSystem {1}:298 - TRANSFER FROM ACCOUNT #3 OF AMOUNT 5.48 TO ACCOUNT #5
2021-07-16 08:13:38 INFO  com.revature.pzero.service.BankSystem {1}:185 - RETRIEVED CUSTOMER #12 ACCOUNT
2021-07-16 08:13:50 INFO  com.revature.pzero.service.BankSystem {1}:185 - RETRIEVED CUSTOMER #12 ACCOUNT
2021-07-16 08:14:00 INFO  com.revature.pzero.service.BankSystem {1}:185 - RETRIEVED CUSTOMER #12 ACCOUNT
2021-07-16 08:14:04 INFO  com.revature.pzero.service.BankSystem {1}:185 - RETRIEVED CUSTOMER #12 ACCOUNT
2021-07-16 08:14:05 INFO  com.revature.pzero.service.BankSystem {1}:185 - RETRIEVED CUSTOMER #12 ACCOUNT
2021-07-16 08:14:10 INFO  com.revature.pzero.service.BankSystem {1}:185 - RETRIEVED CUSTOMER #12 ACCOUNT
2021-07-16 08:14:10 INFO  com.revature.pzero.service.BankSystem {1}:185 - RETRIEVED CUSTOMER #12 ACCOUNT
2021-07-16 08:14:13 INFO  com.revature.pzero.service.BankSystem {1}:185 - RETRIEVED CUSTOMER #12 ACCOUNT
2021-07-16 08:14:15 INFO  com.revature.pzero.service.BankSystem {1}:185 - RETRIEVED CUSTOMER #12 ACCOUNT
2021-07-16 08:14:19 INFO  com.revature.pzero.service.BankSystem {1}:185 - RETRIEVED CUSTOMER #12 ACCOUNT
2021-07-16 08:15:33 INFO  com.revature.pzero.service.BankSystem {1}:185 - RETRIEVED CUSTOMER #12 ACCOUNT
2021-07-16 08:16:13 INFO  com.revature.pzero.service.BankSystem {1}:185 - RETRIEVED CUSTOMER #12 ACCOUNT
2021-07-16 08:16:17 INFO  com.revature.pzero.service.BankSystem {1}:185 - RETRIEVED CUSTOMER #12 ACCOUNT
2021-07-16 08:16:22 INFO  com.revature.pzero.service.BankSystem {1}:185 - RETRIEVED CUSTOMER #12 ACCOUNT
2021-07-16 08:22:27 INFO  com.revature.pzero.service.BankSystem {1}:91 - Username invalid.
2021-07-16 09:08:28 INFO  com.revature.pzero.service.BankSystem {1}:185 - RETRIEVED CUSTOMER #24 ACCOUNT
2021-07-16 09:08:33 INFO  com.revature.pzero.service.BankSystem {1}:185 - RETRIEVED CUSTOMER #24 ACCOUNT
2021-07-16 09:08:59 INFO  com.revature.pzero.service.BankSystem {1}:185 - RETRIEVED CUSTOMER #24 ACCOUNT
2021-07-16 09:13:26 INFO  com.revature.pzero.service.BankSystem {1}:185 - RETRIEVED CUSTOMER #24 ACCOUNT
2021-07-16 09:13:56 INFO  com.revature.pzero.service.BankSystem {1}:185 - RETRIEVED CUSTOMER #24 ACCOUNT
2021-07-16 09:14:14 INFO  com.revature.pzero.service.BankSystem {1}:185 - RETRIEVED CUSTOMER #24 ACCOUNT
2021-07-16 09:14:17 INFO  com.revature.pzero.service.BankSystem {1}:185 - RETRIEVED CUSTOMER #24 ACCOUNT
2021-07-16 09:14:22 INFO  com.revature.pzero.service.BankSystem {1}:227 - Deposit amount invalid.
2021-07-16 09:14:22 INFO  com.revature.pzero.service.BankSystem {1}:185 - RETRIEVED CUSTOMER #24 ACCOUNT
2021-07-16 09:14:28 INFO  com.revature.pzero.service.BankSystem {1}:185 - RETRIEVED CUSTOMER #24 ACCOUNT
2021-07-16 09:14:32 INFO  com.revature.pzero.service.BankSystem {1}:185 - RETRIEVED CUSTOMER #24 ACCOUNT
2021-07-16 09:14:36 INFO  com.revature.pzero.service.BankSystem {1}:197 - Withdraw amount invalid.
2021-07-16 09:14:36 INFO  com.revature.pzero.service.BankSystem {1}:185 - RETRIEVED CUSTOMER #24 ACCOUNT
2021-07-16 09:14:41 INFO  com.revature.pzero.service.BankSystem {1}:185 - RETRIEVED CUSTOMER #24 ACCOUNT
2021-07-16 09:15:01 INFO  com.revature.pzero.service.BankSystem {1}:185 - RETRIEVED CUSTOMER #19 ACCOUNT
2021-07-16 09:15:07 INFO  com.revature.pzero.service.BankSystem {1}:185 - RETRIEVED CUSTOMER #19 ACCOUNT
2021-07-16 09:15:13 INFO  com.revature.pzero.service.BankSystem {1}:185 - RETRIEVED CUSTOMER #19 ACCOUNT
2021-07-16 09:49:01 INFO  com.revature.pzero.service.BankSystem {1}:185 - RETRIEVED CUSTOMER #19 ACCOUNT
2021-07-16 09:49:05 INFO  com.revature.pzero.service.BankSystem {1}:185 - RETRIEVED CUSTOMER #19 ACCOUNT
2021-07-16 09:49:14 INFO  com.revature.pzero.service.BankSystem {1}:185 - RETRIEVED CUSTOMER #19 ACCOUNT
2021-07-16 10:15:30 INFO  com.revature.pzero.service.BankSystem {1}:185 - RETRIEVED CUSTOMER #19 ACCOUNT
2021-07-16 10:15:44 INFO  com.revature.pzero.service.BankSystem {1}:185 - RETRIEVED CUSTOMER #19 ACCOUNT
2021-07-16 10:15:54 INFO  com.revature.pzero.service.BankSystem {1}:185 - RETRIEVED CUSTOMER #19 ACCOUNT
2021-07-16 10:15:58 INFO  com.revature.pzero.service.BankSystem {1}:185 - RETRIEVED CUSTOMER #19 ACCOUNT
2021-07-16 10:16:08 INFO  com.revature.pzero.service.BankSystem {1}:185 - RETRIEVED CUSTOMER #19 ACCOUNT
2021-07-16 10:16:12 INFO  com.revature.pzero.service.BankSystem {1}:185 - RETRIEVED CUSTOMER #19 ACCOUNT
2021-07-16 10:16:24 INFO  com.revature.pzero.service.BankSystem {1}:298 - TRANSFER FROM ACCOUNT #15 OF AMOUNT 10.0 TO ACCOUNT #5
2021-07-16 10:16:25 INFO  com.revature.pzero.service.BankSystem {1}:185 - RETRIEVED CUSTOMER #19 ACCOUNT
2021-07-16 10:16:35 INFO  com.revature.pzero.service.BankSystem {1}:185 - RETRIEVED CUSTOMER #19 ACCOUNT
2021-07-16 10:16:39 INFO  com.revature.pzero.service.BankSystem {1}:185 - RETRIEVED CUSTOMER #19 ACCOUNT
2021-07-16 10:16:45 INFO  com.revature.pzero.service.BankSystem {1}:185 - RETRIEVED CUSTOMER #19 ACCOUNT
2021-07-16 10:17:23 INFO  com.revature.pzero.service.BankSystem {1}:185 - RETRIEVED CUSTOMER #19 ACCOUNT
2021-07-16 10:17:53 INFO  com.revature.pzero.service.BankSystem {1}:185 - RETRIEVED CUSTOMER #19 ACCOUNT
2021-07-16 10:17:57 INFO  com.revature.pzero.service.BankSystem {1}:185 - RETRIEVED CUSTOMER #19 ACCOUNT
2021-07-16 10:18:04 INFO  com.revature.pzero.service.BankSystem {1}:185 - RETRIEVED CUSTOMER #19 ACCOUNT
2021-07-16 10:18:46 INFO  com.revature.pzero.service.BankSystem {1}:185 - RETRIEVED CUSTOMER #25 ACCOUNT
2021-07-16 10:18:53 INFO  com.revature.pzero.service.BankSystem {1}:185 - RETRIEVED CUSTOMER #25 ACCOUNT
